<?xml version="1.0" encoding="UTF-8" ?>
<testsuite tests="2" failures="0" name="Runner.TestRunnerForEcommerce" time="10.09" errors="2" skipped="0">
  <properties>
    <property name="jansi.mode" value="force"/>
    <property name="java.runtime.name" value="OpenJDK Runtime Environment"/>
    <property name="java.vm.version" value="17.0.7+7"/>
    <property name="sun.boot.library.path" value="C:\JavaEclipse\eclipse\plugins\org.eclipse.justj.openjdk.hotspot.jre.full.win32.x86_64_17.0.7.v20230425-1502\jre\bin"/>
    <property name="maven.multiModuleProjectDirectory" value="C:\JavaEclipse\Cucumber"/>
    <property name="java.vm.vendor" value="Eclipse Adoptium"/>
    <property name="java.vendor.url" value="https://adoptium.net/"/>
    <property name="guice.disable.misplaced.annotation.check" value="true"/>
    <property name="path.separator" value=";"/>
    <property name="java.vm.name" value="OpenJDK 64-Bit Server VM"/>
    <property name="sun.os.patch.level" value=""/>
    <property name="user.script" value=""/>
    <property name="user.country" value="IN"/>
    <property name="sun.java.launcher" value="SUN_STANDARD"/>
    <property name="java.vm.specification.name" value="Java Virtual Machine Specification"/>
    <property name="user.dir" value="C:\JavaEclipse\Cucumber"/>
    <property name="java.vm.compressedOopsMode" value="Zero based"/>
    <property name="java.runtime.version" value="17.0.7+7"/>
    <property name="os.arch" value="amd64"/>
    <property name="java.io.tmpdir" value="C:\Users\VCVMAN~1\AppData\Local\Temp\"/>
    <property name="line.separator" value="
"/>
    <property name="java.vm.specification.vendor" value="Oracle Corporation"/>
    <property name="user.variant" value=""/>
    <property name="os.name" value="Windows 11"/>
    <property name="classworlds.conf" value="C:\JavaEclipse\.metadata\.plugins\org.eclipse.m2e.launching\launches\m2conf3720188294669707702.tmp"/>
    <property name="sun.jnu.encoding" value="Cp1252"/>
    <property name="java.library.path" value="C:\JavaEclipse\eclipse\plugins\org.eclipse.justj.openjdk.hotspot.jre.full.win32.x86_64_17.0.7.v20230425-1502\jre\bin;C:\WINDOWS\Sun\Java\bin;C:\WINDOWS\system32;C:\WINDOWS;C:/JavaEclipse/eclipse//plugins/org.eclipse.justj.openjdk.hotspot.jre.full.win32.x86_64_17.0.7.v20230425-1502/jre/bin/server;C:/JavaEclipse/eclipse//plugins/org.eclipse.justj.openjdk.hotspot.jre.full.win32.x86_64_17.0.7.v20230425-1502/jre/bin;C:\Program Files\Common Files\Oracle\Java\javapath;C:\Program Files (x86)\Common Files\Oracle\Java\javapath;C:\WINDOWS\system32;C:\WINDOWS;C:\WINDOWS\System32\Wbem;C:\WINDOWS\System32\WindowsPowerShell\v1.0\;C:\WINDOWS\System32\OpenSSH\;C:\Program Files (x86)\Microsoft SQL Server\160\Tools\Binn\;C:\Program Files\Microsoft SQL Server\160\Tools\Binn\;C:\Program Files\Microsoft SQL Server\Client SDK\ODBC\170\Tools\Binn\;C:\Program Files\Microsoft SQL Server\160\DTS\Binn\;C:\Program Files (x86)\Microsoft SQL Server\160\DTS\Binn\;C:\Program Files\Azure Data Studio\bin;C:\JavaEclipse\Git\cmd;C:\Users\VCVMANIKUMARBEEMARAP\Scripts\;C:\Users\VCVMANIKUMARBEEMARAP\;C:\Program Files\MySQL\MySQL Shell 8.0\bin\;C:\Users\VCVMANIKUMARBEEMARAP\AppData\Local\Microsoft\WindowsApps;;C:\Program Files\Azure Data Studio\bin;C:\JavaEclipse\Microsoft VS Code\bin;C:\JavaEclipse\eclipse;;."/>
    <property name="jdk.debug" value="release"/>
    <property name="java.class.version" value="61.0"/>
    <property name="java.specification.name" value="Java Platform API Specification"/>
    <property name="sun.management.compiler" value="HotSpot 64-Bit Tiered Compilers"/>
    <property name="os.version" value="10.0"/>
    <property name="user.home" value="C:\Users\VCVMANIKUMARBEEMARAP"/>
    <property name="user.timezone" value="Asia/Calcutta"/>
    <property name="file.encoding" value="UTF-8"/>
    <property name="java.specification.version" value="17"/>
    <property name="user.name" value="VCVMANIKUMARBEEMARAP"/>
    <property name="java.class.path" value="C:\JavaEclipse\eclipse\plugins\org.eclipse.m2e.maven.runtime_3.8.701.20230209-1606\jars\plexus-classworlds-2.6.0.jar"/>
    <property name="java.vm.specification.version" value="17"/>
    <property name="sun.arch.data.model" value="64"/>
    <property name="sun.java.command" value="org.codehaus.plexus.classworlds.launcher.Launcher -B -Dstyle.color=always test"/>
    <property name="java.home" value="C:\JavaEclipse\eclipse\plugins\org.eclipse.justj.openjdk.hotspot.jre.full.win32.x86_64_17.0.7.v20230425-1502\jre"/>
    <property name="user.language" value="en"/>
    <property name="java.specification.vendor" value="Oracle Corporation"/>
    <property name="java.vm.info" value="mixed mode"/>
    <property name="java.version" value="17.0.7"/>
    <property name="native.encoding" value="Cp1252"/>
    <property name="java.vendor" value="Eclipse Adoptium"/>
    <property name="maven.home" value="C:\JavaEclipse\Cucumber\EMBEDDED"/>
    <property name="style.color" value="always"/>
    <property name="file.separator" value="\"/>
    <property name="java.version.date" value="2023-04-18"/>
    <property name="java.vendor.url.bug" value="https://github.com/adoptium/adoptium-support/issues"/>
    <property name="sun.io.unicode.encoding" value="UnicodeLittle"/>
    <property name="sun.cpu.endian" value="little"/>
    <property name="java.vendor.version" value="Temurin-17.0.7+7"/>
    <property name="m2e.build.project.data.socket.port" value="62796"/>
    <property name="sun.cpu.isalist" value="amd64"/>
  </properties>
  <testcase classname="Customer" name="Add a customer" time="10.069">
    <error message="The driver executable must exist: \\Cucumber\Driver\msedgedriver.exe" type="java.lang.IllegalStateException">java.lang.IllegalStateException: The driver executable must exist: \\Cucumber\Driver\msedgedriver.exe
	at org.openqa.selenium.internal.Require$FileStateChecker.isFile(Require.java:345)
	at org.openqa.selenium.remote.service.DriverFinder.getPath(DriverFinder.java:39)
	at org.openqa.selenium.edge.EdgeDriver.generateExecutor(EdgeDriver.java:70)
	at org.openqa.selenium.edge.EdgeDriver.&lt;init&gt;(EdgeDriver.java:60)
	at org.openqa.selenium.edge.EdgeDriver.&lt;init&gt;(EdgeDriver.java:56)
	at org.openqa.selenium.edge.EdgeDriver.&lt;init&gt;(EdgeDriver.java:48)
	at org.openqa.selenium.edge.EdgeDriver.&lt;init&gt;(EdgeDriver.java:44)
	at StepDefinition.Login.user_launch_the_browser(Login.java:20)
	at ✽.: User Launch the browser(file:///C:/JavaEclipse/Cucumber/features/Customers.feature:6)
</error>
    <system-out>
Scenario: Add a customer                                                                    # features/Customers.feature:5
  Given : User Launch the browser                                                           # StepDefinition.Login.user_launch_the_browser()
      java.lang.IllegalStateException: The driver executable must exist: \\Cucumber\Driver\msedgedriver.exe
	at org.openqa.selenium.internal.Require$FileStateChecker.isFile(Require.java:345)
	at org.openqa.selenium.remote.service.DriverFinder.getPath(DriverFinder.java:39)
	at org.openqa.selenium.edge.EdgeDriver.generateExecutor(EdgeDriver.java:70)
	at org.openqa.selenium.edge.EdgeDriver.&lt;init&gt;(EdgeDriver.java:60)
	at org.openqa.selenium.edge.EdgeDriver.&lt;init&gt;(EdgeDriver.java:56)
	at org.openqa.selenium.edge.EdgeDriver.&lt;init&gt;(EdgeDriver.java:48)
	at org.openqa.selenium.edge.EdgeDriver.&lt;init&gt;(EdgeDriver.java:44)
	at StepDefinition.Login.user_launch_the_browser(Login.java:20)
	at ✽.: User Launch the browser(file:///C:/JavaEclipse/Cucumber/features/Customers.feature:6)

  When :User opens the Url &quot;https://admin-demo.nopcommerce.com/login?ReturnUrl=%2Fadmin%2F&quot; # StepDefinition.Login.user_opens_the_url(java.lang.String)
  And :User enters email as &quot;admin@yourstore.com&quot; and Password &quot;admin&quot;                      # StepDefinition.Login.user_enters_email_as_and_password(java.lang.String,java.lang.String)
  And :Click on login                                                                       # StepDefinition.Login.click_on_login()
  Then :User can view dashboard                                                             # StepDefinition.Login.user_can_view_dashboard()
  When :User click on customers menu                                                        # StepDefinition.Login.user_click_on_customers_menu()
  And :click customer item                                                                  # StepDefinition.Login.click_customer_item()
  And :click on add new button                                                              # StepDefinition.Login.click_on_add_new_button()
  Then :User can view add new customer page                                                 # StepDefinition.Login.user_can_view_add_new_customer_page()
  When :user enters customer info                                                           # StepDefinition.Login.user_enters_customer_info()
  And :click on save button                                                                 # StepDefinition.Login.click_on_save_button()
  Then :User can view confirmation message &quot;The new customer has been added succesfully.&quot;   # StepDefinition.Login.user_can_view_confirmation_message(java.lang.String)
  And :close browser
</system-out>
  </testcase>
  <testcase classname="Customer" name="Search customer by email id" time="0.021">
    <error message="The driver executable must exist: \\Cucumber\Driver\msedgedriver.exe" type="java.lang.IllegalStateException">java.lang.IllegalStateException: The driver executable must exist: \\Cucumber\Driver\msedgedriver.exe
	at org.openqa.selenium.internal.Require$FileStateChecker.isFile(Require.java:345)
	at org.openqa.selenium.remote.service.DriverFinder.getPath(DriverFinder.java:39)
	at org.openqa.selenium.edge.EdgeDriver.generateExecutor(EdgeDriver.java:70)
	at org.openqa.selenium.edge.EdgeDriver.&lt;init&gt;(EdgeDriver.java:60)
	at org.openqa.selenium.edge.EdgeDriver.&lt;init&gt;(EdgeDriver.java:56)
	at org.openqa.selenium.edge.EdgeDriver.&lt;init&gt;(EdgeDriver.java:48)
	at org.openqa.selenium.edge.EdgeDriver.&lt;init&gt;(EdgeDriver.java:44)
	at StepDefinition.Login.user_launch_the_browser(Login.java:20)
	at ✽.: User Launch the browser(file:///C:/JavaEclipse/Cucumber/features/Customers.feature:22)
</error>
    <system-out>
Scenario: Search customer by email id                                                       # features/Customers.feature:20
  Given : User Launch the browser                                                           # StepDefinition.Login.user_launch_the_browser()
      java.lang.IllegalStateException: The driver executable must exist: \\Cucumber\Driver\msedgedriver.exe
	at org.openqa.selenium.internal.Require$FileStateChecker.isFile(Require.java:345)
	at org.openqa.selenium.remote.service.DriverFinder.getPath(DriverFinder.java:39)
	at org.openqa.selenium.edge.EdgeDriver.generateExecutor(EdgeDriver.java:70)
	at org.openqa.selenium.edge.EdgeDriver.&lt;init&gt;(EdgeDriver.java:60)
	at org.openqa.selenium.edge.EdgeDriver.&lt;init&gt;(EdgeDriver.java:56)
	at org.openqa.selenium.edge.EdgeDriver.&lt;init&gt;(EdgeDriver.java:48)
	at org.openqa.selenium.edge.EdgeDriver.&lt;init&gt;(EdgeDriver.java:44)
	at StepDefinition.Login.user_launch_the_browser(Login.java:20)
	at ✽.: User Launch the browser(file:///C:/JavaEclipse/Cucumber/features/Customers.feature:22)

  When :User opens the Url &quot;https://admin-demo.nopcommerce.com/login?ReturnUrl=%2Fadmin%2F&quot; # StepDefinition.Login.user_opens_the_url(java.lang.String)
  And :User enters email as &quot;admin@yourstore.com&quot; and Password &quot;admin&quot;                      # StepDefinition.Login.user_enters_email_as_and_password(java.lang.String,java.lang.String)
  And :Click on login                                                                       # StepDefinition.Login.click_on_login()
  Then :User can view dashboard                                                             # StepDefinition.Login.user_can_view_dashboard()
  When :User click on customers menu                                                        # StepDefinition.Login.user_click_on_customers_menu()
  And :click customer item                                                                  # StepDefinition.Login.click_customer_item()
  And : Enter customer email                                                                # StepDefinition.Login.enter_customer_email()
  When :click on search button                                                              # StepDefinition.Login.click_on_search_button()
  Then : user should found email in the Search table                                        # StepDefinition.Login.user_should_found_email_in_the_search_table()
  And : Close browser                                                                       # StepDefinition.Login.close_browser()
</system-out>
  </testcase>
</testsuite>